This is pdfTeX, Version 3.1415926-2.5-1.40.14 (TeX Live 2013/Debian) (format=pdflatex 2015.3.27)  28 JUN 2015 23:53
entering extended mode
 restricted \write18 enabled.
 %&-line parsing enabled.
**informe.tex
(./informe.tex
LaTeX2e <2011/06/27>
Babel <3.9h> and hyphenation patterns for 7 languages loaded.
(/usr/share/texlive/texmf-dist/tex/latex/base/article.cls
Document Class: article 2007/10/19 v1.4h Standard LaTeX document class
(/usr/share/texlive/texmf-dist/tex/latex/base/size10.clo
File: size10.clo 2007/10/19 v1.4h Standard LaTeX file (size option)
)
\c@part=\count79
\c@section=\count80
\c@subsection=\count81
\c@subsubsection=\count82
\c@paragraph=\count83
\c@subparagraph=\count84
\c@figure=\count85
\c@table=\count86
\abovecaptionskip=\skip41
\belowcaptionskip=\skip42
\bibindent=\dimen102
)
(/usr/share/texlive/texmf-dist/tex/generic/babel/babel.sty
Package: babel 2013/12/03 3.9h The Babel package

(/usr/share/texlive/texmf-dist/tex/generic/babel-spanish/spanish.ldf
Language: spanish.ldf 2014/01/29 v5.0m Spanish support from the babel system

(/usr/share/texlive/texmf-dist/tex/generic/babel/babel.def
File: babel.def 2013/12/03 3.9h Babel common definitions
\babel@savecnt=\count87
\U@D=\dimen103
)
\es@datefmt=\count88
\es@quottoks=\toks14
\es@quotdepth=\count89
Package babel Info: Making " an active character on input line 496.
Package babel Info: Making . an active character on input line 599.
Package babel Info: Making < an active character on input line 644.
Package babel Info: Making > an active character on input line 644.
))
(/usr/share/texlive/texmf-dist/tex/latex/base/inputenc.sty
Package: inputenc 2008/03/30 v1.1d Input encoding file
\inpenc@prehook=\toks15
\inpenc@posthook=\toks16

(/usr/share/texlive/texmf-dist/tex/latex/base/utf8.def
File: utf8.def 2008/04/05 v1.1m UTF-8 support for inputenc
Now handling font encoding OML ...
... no UTF-8 mapping file for font encoding OML
Now handling font encoding T1 ...
... processing UTF-8 mapping file for font encoding T1

(/usr/share/texlive/texmf-dist/tex/latex/base/t1enc.dfu
File: t1enc.dfu 2008/04/05 v1.1m UTF-8 support for inputenc
   defining Unicode char U+00A1 (decimal 161)
   defining Unicode char U+00A3 (decimal 163)
   defining Unicode char U+00AB (decimal 171)
   defining Unicode char U+00BB (decimal 187)
   defining Unicode char U+00BF (decimal 191)
   defining Unicode char U+00C0 (decimal 192)
   defining Unicode char U+00C1 (decimal 193)
   defining Unicode char U+00C2 (decimal 194)
   defining Unicode char U+00C3 (decimal 195)
   defining Unicode char U+00C4 (decimal 196)
   defining Unicode char U+00C5 (decimal 197)
   defining Unicode char U+00C6 (decimal 198)
   defining Unicode char U+00C7 (decimal 199)
   defining Unicode char U+00C8 (decimal 200)
   defining Unicode char U+00C9 (decimal 201)
   defining Unicode char U+00CA (decimal 202)
   defining Unicode char U+00CB (decimal 203)
   defining Unicode char U+00CC (decimal 204)
   defining Unicode char U+00CD (decimal 205)
   defining Unicode char U+00CE (decimal 206)
   defining Unicode char U+00CF (decimal 207)
   defining Unicode char U+00D0 (decimal 208)
   defining Unicode char U+00D1 (decimal 209)
   defining Unicode char U+00D2 (decimal 210)
   defining Unicode char U+00D3 (decimal 211)
   defining Unicode char U+00D4 (decimal 212)
   defining Unicode char U+00D5 (decimal 213)
   defining Unicode char U+00D6 (decimal 214)
   defining Unicode char U+00D8 (decimal 216)
   defining Unicode char U+00D9 (decimal 217)
   defining Unicode char U+00DA (decimal 218)
   defining Unicode char U+00DB (decimal 219)
   defining Unicode char U+00DC (decimal 220)
   defining Unicode char U+00DD (decimal 221)
   defining Unicode char U+00DE (decimal 222)
   defining Unicode char U+00DF (decimal 223)
   defining Unicode char U+00E0 (decimal 224)
   defining Unicode char U+00E1 (decimal 225)
   defining Unicode char U+00E2 (decimal 226)
   defining Unicode char U+00E3 (decimal 227)
   defining Unicode char U+00E4 (decimal 228)
   defining Unicode char U+00E5 (decimal 229)
   defining Unicode char U+00E6 (decimal 230)
   defining Unicode char U+00E7 (decimal 231)
   defining Unicode char U+00E8 (decimal 232)
   defining Unicode char U+00E9 (decimal 233)
   defining Unicode char U+00EA (decimal 234)
   defining Unicode char U+00EB (decimal 235)
   defining Unicode char U+00EC (decimal 236)
   defining Unicode char U+00ED (decimal 237)
   defining Unicode char U+00EE (decimal 238)
   defining Unicode char U+00EF (decimal 239)
   defining Unicode char U+00F0 (decimal 240)
   defining Unicode char U+00F1 (decimal 241)
   defining Unicode char U+00F2 (decimal 242)
   defining Unicode char U+00F3 (decimal 243)
   defining Unicode char U+00F4 (decimal 244)
   defining Unicode char U+00F5 (decimal 245)
   defining Unicode char U+00F6 (decimal 246)
   defining Unicode char U+00F8 (decimal 248)
   defining Unicode char U+00F9 (decimal 249)
   defining Unicode char U+00FA (decimal 250)
   defining Unicode char U+00FB (decimal 251)
   defining Unicode char U+00FC (decimal 252)
   defining Unicode char U+00FD (decimal 253)
   defining Unicode char U+00FE (decimal 254)
   defining Unicode char U+00FF (decimal 255)
   defining Unicode char U+0102 (decimal 258)
   defining Unicode char U+0103 (decimal 259)
   defining Unicode char U+0104 (decimal 260)
   defining Unicode char U+0105 (decimal 261)
   defining Unicode char U+0106 (decimal 262)
   defining Unicode char U+0107 (decimal 263)
   defining Unicode char U+010C (decimal 268)
   defining Unicode char U+010D (decimal 269)
   defining Unicode char U+010E (decimal 270)
   defining Unicode char U+010F (decimal 271)
   defining Unicode char U+0110 (decimal 272)
   defining Unicode char U+0111 (decimal 273)
   defining Unicode char U+0118 (decimal 280)
   defining Unicode char U+0119 (decimal 281)
   defining Unicode char U+011A (decimal 282)
   defining Unicode char U+011B (decimal 283)
   defining Unicode char U+011E (decimal 286)
   defining Unicode char U+011F (decimal 287)
   defining Unicode char U+0130 (decimal 304)
   defining Unicode char U+0131 (decimal 305)
   defining Unicode char U+0132 (decimal 306)
   defining Unicode char U+0133 (decimal 307)
   defining Unicode char U+0139 (decimal 313)
   defining Unicode char U+013A (decimal 314)
   defining Unicode char U+013D (decimal 317)
   defining Unicode char U+013E (decimal 318)
   defining Unicode char U+0141 (decimal 321)
   defining Unicode char U+0142 (decimal 322)
   defining Unicode char U+0143 (decimal 323)
   defining Unicode char U+0144 (decimal 324)
   defining Unicode char U+0147 (decimal 327)
   defining Unicode char U+0148 (decimal 328)
   defining Unicode char U+014A (decimal 330)
   defining Unicode char U+014B (decimal 331)
   defining Unicode char U+0150 (decimal 336)
   defining Unicode char U+0151 (decimal 337)
   defining Unicode char U+0152 (decimal 338)
   defining Unicode char U+0153 (decimal 339)
   defining Unicode char U+0154 (decimal 340)
   defining Unicode char U+0155 (decimal 341)
   defining Unicode char U+0158 (decimal 344)
   defining Unicode char U+0159 (decimal 345)
   defining Unicode char U+015A (decimal 346)
   defining Unicode char U+015B (decimal 347)
   defining Unicode char U+015E (decimal 350)
   defining Unicode char U+015F (decimal 351)
   defining Unicode char U+0160 (decimal 352)
   defining Unicode char U+0161 (decimal 353)
   defining Unicode char U+0162 (decimal 354)
   defining Unicode char U+0163 (decimal 355)
   defining Unicode char U+0164 (decimal 356)
   defining Unicode char U+0165 (decimal 357)
   defining Unicode char U+016E (decimal 366)
   defining Unicode char U+016F (decimal 367)
   defining Unicode char U+0170 (decimal 368)
   defining Unicode char U+0171 (decimal 369)
   defining Unicode char U+0178 (decimal 376)
   defining Unicode char U+0179 (decimal 377)
   defining Unicode char U+017A (decimal 378)
   defining Unicode char U+017B (decimal 379)
   defining Unicode char U+017C (decimal 380)
   defining Unicode char U+017D (decimal 381)
   defining Unicode char U+017E (decimal 382)
   defining Unicode char U+200C (decimal 8204)
   defining Unicode char U+2013 (decimal 8211)
   defining Unicode char U+2014 (decimal 8212)
   defining Unicode char U+2018 (decimal 8216)
   defining Unicode char U+2019 (decimal 8217)
   defining Unicode char U+201A (decimal 8218)
   defining Unicode char U+201C (decimal 8220)
   defining Unicode char U+201D (decimal 8221)
   defining Unicode char U+201E (decimal 8222)
   defining Unicode char U+2030 (decimal 8240)
   defining Unicode char U+2031 (decimal 8241)
   defining Unicode char U+2039 (decimal 8249)
   defining Unicode char U+203A (decimal 8250)
   defining Unicode char U+2423 (decimal 9251)
)
Now handling font encoding OT1 ...
... processing UTF-8 mapping file for font encoding OT1

(/usr/share/texlive/texmf-dist/tex/latex/base/ot1enc.dfu
File: ot1enc.dfu 2008/04/05 v1.1m UTF-8 support for inputenc
   defining Unicode char U+00A1 (decimal 161)
   defining Unicode char U+00A3 (decimal 163)
   defining Unicode char U+00B8 (decimal 184)
   defining Unicode char U+00BF (decimal 191)
   defining Unicode char U+00C5 (decimal 197)
   defining Unicode char U+00C6 (decimal 198)
   defining Unicode char U+00D8 (decimal 216)
   defining Unicode char U+00DF (decimal 223)
   defining Unicode char U+00E6 (decimal 230)
   defining Unicode char U+00EC (decimal 236)
   defining Unicode char U+00ED (decimal 237)
   defining Unicode char U+00EE (decimal 238)
   defining Unicode char U+00EF (decimal 239)
   defining Unicode char U+00F8 (decimal 248)
   defining Unicode char U+0131 (decimal 305)
   defining Unicode char U+0141 (decimal 321)
   defining Unicode char U+0142 (decimal 322)
   defining Unicode char U+0152 (decimal 338)
   defining Unicode char U+0153 (decimal 339)
   defining Unicode char U+2013 (decimal 8211)
   defining Unicode char U+2014 (decimal 8212)
   defining Unicode char U+2018 (decimal 8216)
   defining Unicode char U+2019 (decimal 8217)
   defining Unicode char U+201C (decimal 8220)
   defining Unicode char U+201D (decimal 8221)
)
Now handling font encoding OMS ...
... processing UTF-8 mapping file for font encoding OMS

(/usr/share/texlive/texmf-dist/tex/latex/base/omsenc.dfu
File: omsenc.dfu 2008/04/05 v1.1m UTF-8 support for inputenc
   defining Unicode char U+00A7 (decimal 167)
   defining Unicode char U+00B6 (decimal 182)
   defining Unicode char U+00B7 (decimal 183)
   defining Unicode char U+2020 (decimal 8224)
   defining Unicode char U+2021 (decimal 8225)
   defining Unicode char U+2022 (decimal 8226)
)
Now handling font encoding OMX ...
... no UTF-8 mapping file for font encoding OMX
Now handling font encoding U ...
... no UTF-8 mapping file for font encoding U
   defining Unicode char U+00A9 (decimal 169)
   defining Unicode char U+00AA (decimal 170)
   defining Unicode char U+00AE (decimal 174)
   defining Unicode char U+00BA (decimal 186)
   defining Unicode char U+02C6 (decimal 710)
   defining Unicode char U+02DC (decimal 732)
   defining Unicode char U+200C (decimal 8204)
   defining Unicode char U+2026 (decimal 8230)
   defining Unicode char U+2122 (decimal 8482)
   defining Unicode char U+2423 (decimal 9251)
))
(/usr/share/texlive/texmf-dist/tex/latex/psnfss/charter.sty
Package: charter 2005/04/12 PSNFSS-v9.2a (P.Dyballa) 
)
(/usr/share/texlive/texmf-dist/tex/latex/graphics/graphicx.sty
Package: graphicx 1999/02/16 v1.0f Enhanced LaTeX Graphics (DPC,SPQR)

(/usr/share/texlive/texmf-dist/tex/latex/graphics/keyval.sty
Package: keyval 1999/03/16 v1.13 key=value parser (DPC)
\KV@toks@=\toks17
)
(/usr/share/texlive/texmf-dist/tex/latex/graphics/graphics.sty
Package: graphics 2009/02/05 v1.0o Standard LaTeX Graphics (DPC,SPQR)

(/usr/share/texlive/texmf-dist/tex/latex/graphics/trig.sty
Package: trig 1999/03/16 v1.09 sin cos tan (DPC)
)
(/usr/share/texlive/texmf-dist/tex/latex/latexconfig/graphics.cfg
File: graphics.cfg 2010/04/23 v1.9 graphics configuration of TeX Live
)
Package graphics Info: Driver file: pdftex.def on input line 91.

(/usr/share/texlive/texmf-dist/tex/latex/pdftex-def/pdftex.def
File: pdftex.def 2011/05/27 v0.06d Graphics/color for pdfTeX

(/usr/share/texlive/texmf-dist/tex/generic/oberdiek/infwarerr.sty
Package: infwarerr 2010/04/08 v1.3 Providing info/warning/error messages (HO)
)
(/usr/share/texlive/texmf-dist/tex/generic/oberdiek/ltxcmds.sty
Package: ltxcmds 2011/11/09 v1.22 LaTeX kernel commands for general use (HO)
)
\Gread@gobject=\count90
))
\Gin@req@height=\dimen104
\Gin@req@width=\dimen105
)
(/usr/share/texlive/texmf-dist/tex/latex/paralist/paralist.sty
Package: paralist 2013/06/09 v2.4 Extended list environments
\pltopsep=\skip43
\plpartopsep=\skip44
\plitemsep=\skip45
\plparsep=\skip46
\pl@lab=\toks18
)
(/usr/share/texlive/texmf-dist/tex/latex/hyperref/hyperref.sty
Package: hyperref 2012/11/06 v6.83m Hypertext links for LaTeX

(/usr/share/texlive/texmf-dist/tex/generic/oberdiek/hobsub-hyperref.sty
Package: hobsub-hyperref 2012/05/28 v1.13 Bundle oberdiek, subset hyperref (HO)


(/usr/share/texlive/texmf-dist/tex/generic/oberdiek/hobsub-generic.sty
Package: hobsub-generic 2012/05/28 v1.13 Bundle oberdiek, subset generic (HO)
Package: hobsub 2012/05/28 v1.13 Construct package bundles (HO)
Package hobsub Info: Skipping package `infwarerr' (already loaded).
Package hobsub Info: Skipping package `ltxcmds' (already loaded).
Package: ifluatex 2010/03/01 v1.3 Provides the ifluatex switch (HO)
Package ifluatex Info: LuaTeX not detected.
Package: ifvtex 2010/03/01 v1.5 Detect VTeX and its facilities (HO)
Package ifvtex Info: VTeX not detected.
Package: intcalc 2007/09/27 v1.1 Expandable calculations with integers (HO)
Package: ifpdf 2011/01/30 v2.3 Provides the ifpdf switch (HO)
Package ifpdf Info: pdfTeX in PDF mode is detected.
Package: etexcmds 2011/02/16 v1.5 Avoid name clashes with e-TeX commands (HO)
Package etexcmds Info: Could not find \expanded.
(etexcmds)             That can mean that you are not using pdfTeX 1.50 or
(etexcmds)             that some package has redefined \expanded.
(etexcmds)             In the latter case, load this package earlier.
Package: kvsetkeys 2012/04/25 v1.16 Key value parser (HO)
Package: kvdefinekeys 2011/04/07 v1.3 Define keys (HO)
Package: pdftexcmds 2011/11/29 v0.20 Utility functions of pdfTeX for LuaTeX (HO
)
Package pdftexcmds Info: LuaTeX not detected.
Package pdftexcmds Info: \pdf@primitive is available.
Package pdftexcmds Info: \pdf@ifprimitive is available.
Package pdftexcmds Info: \pdfdraftmode found.
Package: pdfescape 2011/11/25 v1.13 Implements pdfTeX's escape features (HO)
Package: bigintcalc 2012/04/08 v1.3 Expandable calculations on big integers (HO
)
Package: bitset 2011/01/30 v1.1 Handle bit-vector datatype (HO)
Package: uniquecounter 2011/01/30 v1.2 Provide unlimited unique counter (HO)
)
Package hobsub Info: Skipping package `hobsub' (already loaded).
Package: letltxmacro 2010/09/02 v1.4 Let assignment for LaTeX macros (HO)
Package: hopatch 2012/05/28 v1.2 Wrapper for package hooks (HO)
Package: xcolor-patch 2011/01/30 xcolor patch
Package: atveryend 2011/06/30 v1.8 Hooks at the very end of document (HO)
Package atveryend Info: \enddocument detected (standard20110627).
Package: atbegshi 2011/10/05 v1.16 At begin shipout hook (HO)
Package: refcount 2011/10/16 v3.4 Data extraction from label references (HO)
Package: hycolor 2011/01/30 v1.7 Color options for hyperref/bookmark (HO)
)
(/usr/share/texlive/texmf-dist/tex/generic/ifxetex/ifxetex.sty
Package: ifxetex 2010/09/12 v0.6 Provides ifxetex conditional
)
(/usr/share/texlive/texmf-dist/tex/latex/oberdiek/auxhook.sty
Package: auxhook 2011/03/04 v1.3 Hooks for auxiliary files (HO)
)
(/usr/share/texlive/texmf-dist/tex/latex/oberdiek/kvoptions.sty
Package: kvoptions 2011/06/30 v3.11 Key value format for package options (HO)
)
\@linkdim=\dimen106
\Hy@linkcounter=\count91
\Hy@pagecounter=\count92

(/usr/share/texlive/texmf-dist/tex/latex/hyperref/pd1enc.def
File: pd1enc.def 2012/11/06 v6.83m Hyperref: PDFDocEncoding definition (HO)
Now handling font encoding PD1 ...
... no UTF-8 mapping file for font encoding PD1
)
\Hy@SavedSpaceFactor=\count93

(/usr/share/texlive/texmf-dist/tex/latex/latexconfig/hyperref.cfg
File: hyperref.cfg 2002/06/06 v1.2 hyperref configuration of TeXLive
)
Package hyperref Info: Option `bookmarks' set `true' on input line 4319.
Package hyperref Info: Option `colorlinks' set `true' on input line 4319.
Package hyperref Info: Hyper figures OFF on input line 4443.
Package hyperref Info: Link nesting OFF on input line 4448.
Package hyperref Info: Hyper index ON on input line 4451.
Package hyperref Info: Plain pages OFF on input line 4458.
Package hyperref Info: Backreferencing OFF on input line 4463.
Package hyperref Info: Implicit mode ON; LaTeX internals redefined.
Package hyperref Info: Bookmarks ON on input line 4688.
\c@Hy@tempcnt=\count94

(/usr/share/texlive/texmf-dist/tex/latex/url/url.sty
\Urlmuskip=\muskip10
Package: url 2013/09/16  ver 3.4  Verb mode for urls, etc.
)
LaTeX Info: Redefining \url on input line 5041.
\XeTeXLinkMargin=\dimen107
\Fld@menulength=\count95
\Field@Width=\dimen108
\Fld@charsize=\dimen109
Package hyperref Info: Hyper figures OFF on input line 6295.
Package hyperref Info: Link nesting OFF on input line 6300.
Package hyperref Info: Hyper index ON on input line 6303.
Package hyperref Info: backreferencing OFF on input line 6310.
Package hyperref Info: Link coloring ON on input line 6313.
Package hyperref Info: Link coloring with OCG OFF on input line 6320.
Package hyperref Info: PDF/A mode OFF on input line 6325.
LaTeX Info: Redefining \ref on input line 6365.
LaTeX Info: Redefining \pageref on input line 6369.
\Hy@abspage=\count96
\c@Item=\count97
\c@Hfootnote=\count98
)

Package hyperref Message: Driver (autodetected): hpdftex.

(/usr/share/texlive/texmf-dist/tex/latex/hyperref/hpdftex.def
File: hpdftex.def 2012/11/06 v6.83m Hyperref driver for pdfTeX
\Fld@listcount=\count99
\c@bookmark@seq@number=\count100

(/usr/share/texlive/texmf-dist/tex/latex/oberdiek/rerunfilecheck.sty
Package: rerunfilecheck 2011/04/15 v1.7 Rerun checks for auxiliary files (HO)
Package uniquecounter Info: New unique counter `rerunfilecheck' on input line 2
82.
)
\Hy@SectionHShift=\skip47
)
(./codesnippet.tex (/usr/share/texlive/texmf-dist/tex/latex/graphics/color.sty
Package: color 2005/11/14 v1.0j Standard LaTeX Color (DPC)

(/usr/share/texlive/texmf-dist/tex/latex/latexconfig/color.cfg
File: color.cfg 2007/01/18 v1.5 color configuration of teTeX/TeXLive
)
Package color Info: Driver file: pdftex.def on input line 130.
)
(/usr/share/texlive/texmf-dist/tex/latex/fancybox/fancybox.sty
Package: fancybox 2010/05/15 1.4

Style option: `fancybox' v1.4 <2010/05/15> (tvz)
\@fancybox=\box26
\shadowsize=\dimen110
\@Sbox=\box27
\do@VerbBox=\toks19
\the@fancyput=\toks20
\this@fancyput=\toks21
\EndVerbatimTokens=\toks22
\Verbatim@Outfile=\write3
\Verbatim@Infile=\read1
)) (./page.layout.tex
(/usr/share/texlive/texmf-dist/tex/latex/fancyhdr/fancyhdr.sty
\fancy@headwidth=\skip48
\f@ncyO@elh=\skip49
\f@ncyO@erh=\skip50
\f@ncyO@olh=\skip51
\f@ncyO@orh=\skip52
\f@ncyO@elf=\skip53
\f@ncyO@erf=\skip54
\f@ncyO@olf=\skip55
\f@ncyO@orf=\skip56
))
(/usr/share/texlive/texmf-dist/tex/latex/underscore/underscore.sty
Package: underscore 2006/09/13
LaTeX Info: Redefining \_ on input line 42.
)
(./caratula.sty
Package: caratula 2005/08/09 v0.3 Para componer caratulas de TPs del DC

Cargando package 'caratula' v0.3 (2005/08/09)
\intlist=\toks23
) (./informe.aux
LaTeX Info: Redefining \. on input line 24.
LaTeX Info: Redefining \% on input line 24.
)
\openout1 = `informe.aux'.

LaTeX Font Info:    Checking defaults for OML/cmm/m/it on input line 45.
LaTeX Font Info:    ... okay on input line 45.
LaTeX Font Info:    Checking defaults for T1/cmr/m/n on input line 45.
LaTeX Font Info:    ... okay on input line 45.
LaTeX Font Info:    Checking defaults for OT1/cmr/m/n on input line 45.
LaTeX Font Info:    ... okay on input line 45.
LaTeX Font Info:    Checking defaults for OMS/cmsy/m/n on input line 45.
LaTeX Font Info:    ... okay on input line 45.
LaTeX Font Info:    Checking defaults for OMX/cmex/m/n on input line 45.
LaTeX Font Info:    ... okay on input line 45.
LaTeX Font Info:    Checking defaults for U/cmr/m/n on input line 45.
LaTeX Font Info:    ... okay on input line 45.
LaTeX Font Info:    Checking defaults for PD1/pdf/m/n on input line 45.
LaTeX Font Info:    ... okay on input line 45.
LaTeX Font Info:    Try loading font information for OT1+bch on input line 45.
 (/usr/share/texlive/texmf-dist/tex/latex/psnfss/ot1bch.fd
File: ot1bch.fd 2004/10/18 font definitions for OT1/bch.
)
LaTeX Info: Redefining \. on input line 45.
LaTeX Info: Redefining \% on input line 45.

(/usr/share/texlive/texmf-dist/tex/context/base/supp-pdf.mkii
[Loading MPS to PDF converter (version 2006.09.02).]
\scratchcounter=\count101
\scratchdimen=\dimen111
\scratchbox=\box28
\nofMPsegments=\count102
\nofMParguments=\count103
\everyMPshowfont=\toks24
\MPscratchCnt=\count104
\MPscratchDim=\dimen112
\MPnumerator=\count105
\makeMPintoPDFobject=\count106
\everyMPtoPDFconversion=\toks25
) (/usr/share/texlive/texmf-dist/tex/latex/oberdiek/epstopdf-base.sty
Package: epstopdf-base 2010/02/09 v2.5 Base part for package epstopdf

(/usr/share/texlive/texmf-dist/tex/latex/oberdiek/grfext.sty
Package: grfext 2010/08/19 v1.1 Manage graphics extensions (HO)
)
Package grfext Info: Graphics extension search list:
(grfext)             [.png,.pdf,.jpg,.mps,.jpeg,.jbig2,.jb2,.PNG,.PDF,.JPG,.JPE
G,.JBIG2,.JB2,.eps]
(grfext)             \AppendGraphicsExtensions on input line 452.

(/usr/share/texlive/texmf-dist/tex/latex/latexconfig/epstopdf-sys.cfg
File: epstopdf-sys.cfg 2010/07/13 v1.3 Configuration of (r)epstopdf for TeX Liv
e
))
\AtBeginShipoutBox=\box29
Package hyperref Info: Link coloring ON on input line 45.

(/usr/share/texlive/texmf-dist/tex/latex/hyperref/nameref.sty
Package: nameref 2012/10/27 v2.43 Cross-referencing by name of section

(/usr/share/texlive/texmf-dist/tex/generic/oberdiek/gettitlestring.sty
Package: gettitlestring 2010/12/03 v1.4 Cleanup title references (HO)
)
\c@section@level=\count107
)
LaTeX Info: Redefining \ref on input line 45.
LaTeX Info: Redefining \pageref on input line 45.
LaTeX Info: Redefining \nameref on input line 45.

(./informe.out) (./informe.out)
\@outlinefile=\write4
\openout4 = `informe.out'.


<imagenes/logodc.jpg, id=76, 215.6055pt x 83.5923pt>
File: imagenes/logodc.jpg Graphic file (type jpg)
 <use imagenes/logodc.jpg>
Package pdftex.def Info: imagenes/logodc.jpg used on input line 57.
(pdftex.def)             Requested size: 215.60497pt x 83.59207pt.
LaTeX Font Info:    External font `cmex10' loaded for size
(Font)              <7> on input line 57.
LaTeX Font Info:    External font `cmex10' loaded for size
(Font)              <5> on input line 57.

<imagenes/logouba.jpg, id=77, 225.4824pt x 231.7458pt>
File: imagenes/logouba.jpg Graphic file (type jpg)

<use imagenes/logouba.jpg>
Package pdftex.def Info: imagenes/logouba.jpg used on input line 57.
(pdftex.def)             Requested size: 225.48184pt x 231.74522pt.


LaTeX Font Warning: Font shape `OT1/cmss/b/n' undefined
(Font)              using `OT1/cmss/m/n' instead on input line 57.


Underfull \hbox (badness 10000) in paragraph at lines 57--57

 []


Overfull \hbox (22.76358pt too wide) in paragraph at lines 57--57
[][][] 
 []

Package babel Info: Redefining spanish shorthand <<
(babel)             in language  on input line 57.
Package babel Info: Redefining spanish shorthand >>
(babel)             in language  on input line 57.
Package babel Info: Redefining spanish shorthand "=
(babel)             in language  on input line 57.
Package babel Info: Redefining spanish shorthand "~
(babel)             in language  on input line 57.
Package babel Info: Redefining spanish shorthand "!
(babel)             in language  on input line 57.
Package babel Info: Redefining spanish shorthand "?
(babel)             in language  on input line 57.
Package babel Info: Redefining spanish shorthand <<
(babel)             in language  on input line 57.
Package babel Info: Redefining spanish shorthand >>
(babel)             in language  on input line 57.
Package babel Info: Redefining spanish shorthand "=
(babel)             in language  on input line 57.
Package babel Info: Redefining spanish shorthand "~
(babel)             in language  on input line 57.
Package babel Info: Redefining spanish shorthand "!
(babel)             in language  on input line 57.
Package babel Info: Redefining spanish shorthand "?
(babel)             in language  on input line 57.
[1

{/var/lib/texmf/fonts/map/pdftex/updmap/pdftex.map} <./imagenes/logodc.jpg> <./
imagenes/logouba.jpg>] (./informe.toc
LaTeX Info: Redefining \. on input line 1.
LaTeX Info: Redefining \% on input line 1.
)
\tf@toc=\write5
\openout5 = `informe.toc'.

Package babel Info: Redefining spanish shorthand <<
(babel)             in language  on input line 70.
Package babel Info: Redefining spanish shorthand >>
(babel)             in language  on input line 70.
Package babel Info: Redefining spanish shorthand "=
(babel)             in language  on input line 70.
Package babel Info: Redefining spanish shorthand "~
(babel)             in language  on input line 70.
Package babel Info: Redefining spanish shorthand "!
(babel)             in language  on input line 70.
Package babel Info: Redefining spanish shorthand "?
(babel)             in language  on input line 70.
Package babel Info: Redefining spanish shorthand <<
(babel)             in language  on input line 70.
Package babel Info: Redefining spanish shorthand >>
(babel)             in language  on input line 70.
Package babel Info: Redefining spanish shorthand "=
(babel)             in language  on input line 70.
Package babel Info: Redefining spanish shorthand "~
(babel)             in language  on input line 70.
Package babel Info: Redefining spanish shorthand "!
(babel)             in language  on input line 70.
Package babel Info: Redefining spanish shorthand "?
(babel)             in language  on input line 70.
 [2]
Package babel Info: Redefining spanish shorthand <<
(babel)             in language  on input line 75.
Package babel Info: Redefining spanish shorthand >>
(babel)             in language  on input line 75.
Package babel Info: Redefining spanish shorthand "=
(babel)             in language  on input line 75.
Package babel Info: Redefining spanish shorthand "~
(babel)             in language  on input line 75.
Package babel Info: Redefining spanish shorthand "!
(babel)             in language  on input line 75.
Package babel Info: Redefining spanish shorthand "?
(babel)             in language  on input line 75.
Package babel Info: Redefining spanish shorthand <<
(babel)             in language  on input line 77.
Package babel Info: Redefining spanish shorthand >>
(babel)             in language  on input line 77.
Package babel Info: Redefining spanish shorthand "=
(babel)             in language  on input line 77.
Package babel Info: Redefining spanish shorthand "~
(babel)             in language  on input line 77.
Package babel Info: Redefining spanish shorthand "!
(babel)             in language  on input line 77.
Package babel Info: Redefining spanish shorthand "?
(babel)             in language  on input line 77.

Underfull \hbox (badness 10000) in paragraph at lines 78--79

 []

Package babel Info: Redefining spanish shorthand <<
(babel)             in language  on input line 84.
Package babel Info: Redefining spanish shorthand >>
(babel)             in language  on input line 84.
Package babel Info: Redefining spanish shorthand "=
(babel)             in language  on input line 84.
Package babel Info: Redefining spanish shorthand "~
(babel)             in language  on input line 84.
Package babel Info: Redefining spanish shorthand "!
(babel)             in language  on input line 84.
Package babel Info: Redefining spanish shorthand "?
(babel)             in language  on input line 84.

Underfull \hbox (badness 10000) in paragraph at lines 85--86

 []


Underfull \hbox (badness 10000) in paragraph at lines 87--88

 []


Overfull \hbox (6.0pt too wide) in paragraph at lines 99--99
 [][][][][][] 
 []


Underfull \hbox (badness 10000) in paragraph at lines 101--102

 []


Underfull \hbox (badness 10000) in paragraph at lines 103--104

 []

<imagenes/ej2/1core.png, id=111, 1030.85126pt x 157.58875pt>
File: imagenes/ej2/1core.png Graphic file (type png)

<use imagenes/ej2/1core.png>
Package pdftex.def Info: imagenes/ej2/1core.png used on input line 107.
(pdftex.def)             Requested size: 515.42436pt x 78.79417pt.

Overfull \hbox (60.18028pt too wide) in paragraph at lines 107--108
 [] 
 []

<imagenes/ej2/2core.png, id=112, 1030.85126pt x 187.70125pt>
File: imagenes/ej2/2core.png Graphic file (type png)

<use imagenes/ej2/2core.png>
Package pdftex.def Info: imagenes/ej2/2core.png used on input line 115.
(pdftex.def)             Requested size: 515.42436pt x 93.85039pt.

Overfull \hbox (60.18028pt too wide) in paragraph at lines 115--116
 [] 
 []


LaTeX Warning: `!h' float specifier changed to `!ht'.

LaTeX Info: Redefining \. on input line 120.
LaTeX Info: Redefining \% on input line 120.
Package babel Info: Redefining spanish shorthand <<
(babel)             in language  on input line 120.
Package babel Info: Redefining spanish shorthand >>
(babel)             in language  on input line 120.
Package babel Info: Redefining spanish shorthand "=
(babel)             in language  on input line 120.
Package babel Info: Redefining spanish shorthand "~
(babel)             in language  on input line 120.
Package babel Info: Redefining spanish shorthand "!
(babel)             in language  on input line 120.
Package babel Info: Redefining spanish shorthand "?
(babel)             in language  on input line 120.
Package babel Info: Redefining spanish shorthand <<
(babel)             in language  on input line 120.
Package babel Info: Redefining spanish shorthand >>
(babel)             in language  on input line 120.
Package babel Info: Redefining spanish shorthand "=
(babel)             in language  on input line 120.
Package babel Info: Redefining spanish shorthand "~
(babel)             in language  on input line 120.
Package babel Info: Redefining spanish shorthand "!
(babel)             in language  on input line 120.
Package babel Info: Redefining spanish shorthand "?
(babel)             in language  on input line 120.
[3 <./imagenes/ej2/1core.png (PNG copy)>]
<imagenes/ej2/3core.png, id=120, 1030.85126pt x 187.70125pt>
File: imagenes/ej2/3core.png Graphic file (type png)

<use imagenes/ej2/3core.png>
Package pdftex.def Info: imagenes/ej2/3core.png used on input line 124.
(pdftex.def)             Requested size: 515.42436pt x 93.85039pt.

Overfull \hbox (60.18028pt too wide) in paragraph at lines 124--125
 [] 
 []


Underfull \hbox (badness 10000) in paragraph at lines 132--133

 []

LaTeX Info: Redefining \. on input line 140.
LaTeX Info: Redefining \% on input line 140.
Package babel Info: Redefining spanish shorthand <<
(babel)             in language  on input line 140.
Package babel Info: Redefining spanish shorthand >>
(babel)             in language  on input line 140.
Package babel Info: Redefining spanish shorthand "=
(babel)             in language  on input line 140.
Package babel Info: Redefining spanish shorthand "~
(babel)             in language  on input line 140.
Package babel Info: Redefining spanish shorthand "!
(babel)             in language  on input line 140.
Package babel Info: Redefining spanish shorthand "?
(babel)             in language  on input line 140.
Package babel Info: Redefining spanish shorthand <<
(babel)             in language  on input line 140.
Package babel Info: Redefining spanish shorthand >>
(babel)             in language  on input line 140.
Package babel Info: Redefining spanish shorthand "=
(babel)             in language  on input line 140.
Package babel Info: Redefining spanish shorthand "~
(babel)             in language  on input line 140.
Package babel Info: Redefining spanish shorthand "!
(babel)             in language  on input line 140.
Package babel Info: Redefining spanish shorthand "?
(babel)             in language  on input line 140.
[4 <./imagenes/ej2/2core.png (PNG copy)> <./imagenes/ej2/3core.png (PNG copy)>]
Package babel Info: Redefining spanish shorthand <<
(babel)             in language  on input line 142.
Package babel Info: Redefining spanish shorthand >>
(babel)             in language  on input line 142.
Package babel Info: Redefining spanish shorthand "=
(babel)             in language  on input line 142.
Package babel Info: Redefining spanish shorthand "~
(babel)             in language  on input line 142.
Package babel Info: Redefining spanish shorthand "!
(babel)             in language  on input line 142.
Package babel Info: Redefining spanish shorthand "?
(babel)             in language  on input line 142.
Package babel Info: Redefining spanish shorthand <<
(babel)             in language  on input line 145.
Package babel Info: Redefining spanish shorthand >>
(babel)             in language  on input line 145.
Package babel Info: Redefining spanish shorthand "=
(babel)             in language  on input line 145.
Package babel Info: Redefining spanish shorthand "~
(babel)             in language  on input line 145.
Package babel Info: Redefining spanish shorthand "!
(babel)             in language  on input line 145.
Package babel Info: Redefining spanish shorthand "?
(babel)             in language  on input line 145.

Underfull \hbox (badness 10000) in paragraph at lines 147--148

 []


Overfull \hbox (6.0pt too wide) in paragraph at lines 159--159
 [][][][][][] 
 []

LaTeX Font Info:    Try loading font information for OMS+bch on input line 162.

(/usr/share/texlive/texmf-dist/tex/latex/psnfss/omsbch.fd
File: omsbch.fd 
)
LaTeX Font Info:    Font shape `OMS/bch/m/n' in size <10> not available
(Font)              Font shape `OMS/cmsy/m/n' tried instead on input line 162.
LaTeX Info: Redefining \. on input line 202.
LaTeX Info: Redefining \% on input line 202.
Package babel Info: Redefining spanish shorthand <<
(babel)             in language  on input line 202.
Package babel Info: Redefining spanish shorthand >>
(babel)             in language  on input line 202.
Package babel Info: Redefining spanish shorthand "=
(babel)             in language  on input line 202.
Package babel Info: Redefining spanish shorthand "~
(babel)             in language  on input line 202.
Package babel Info: Redefining spanish shorthand "!
(babel)             in language  on input line 202.
Package babel Info: Redefining spanish shorthand "?
(babel)             in language  on input line 202.
Package babel Info: Redefining spanish shorthand <<
(babel)             in language  on input line 202.
Package babel Info: Redefining spanish shorthand >>
(babel)             in language  on input line 202.
Package babel Info: Redefining spanish shorthand "=
(babel)             in language  on input line 202.
Package babel Info: Redefining spanish shorthand "~
(babel)             in language  on input line 202.
Package babel Info: Redefining spanish shorthand "!
(babel)             in language  on input line 202.
Package babel Info: Redefining spanish shorthand "?
(babel)             in language  on input line 202.
 [5]
Package babel Info: Redefining spanish shorthand <<
(babel)             in language  on input line 208.
Package babel Info: Redefining spanish shorthand >>
(babel)             in language  on input line 208.
Package babel Info: Redefining spanish shorthand "=
(babel)             in language  on input line 208.
Package babel Info: Redefining spanish shorthand "~
(babel)             in language  on input line 208.
Package babel Info: Redefining spanish shorthand "!
(babel)             in language  on input line 208.
Package babel Info: Redefining spanish shorthand "?
(babel)             in language  on input line 208.

Underfull \hbox (badness 10000) in paragraph at lines 212--213

 []


Overfull \hbox (6.0pt too wide) in paragraph at lines 228--228
 [][][][][][] 
 []

<imagenes/ej4/1core.png, id=139, 1030.85126pt x 187.70125pt>
File: imagenes/ej4/1core.png Graphic file (type png)

<use imagenes/ej4/1core.png>
Package pdftex.def Info: imagenes/ej4/1core.png used on input line 233.
(pdftex.def)             Requested size: 455.24329pt x 82.8924pt.

Overfull \hbox (14.9992pt too wide) in paragraph at lines 233--234
[][] 
 []


Underfull \hbox (badness 10000) in paragraph at lines 233--234

 []

<imagenes/ej4/2core.png, id=140, 1030.85126pt x 187.70125pt>
File: imagenes/ej4/2core.png Graphic file (type png)

<use imagenes/ej4/2core.png>
Package pdftex.def Info: imagenes/ej4/2core.png used on input line 238.
(pdftex.def)             Requested size: 455.24329pt x 82.8924pt.

Overfull \hbox (14.9992pt too wide) in paragraph at lines 238--239
[][] 
 []


Underfull \hbox (badness 10000) in paragraph at lines 238--239

 []

<imagenes/ej4/3core.png, id=141, 1030.85126pt x 187.70125pt>
File: imagenes/ej4/3core.png Graphic file (type png)

<use imagenes/ej4/3core.png>
Package pdftex.def Info: imagenes/ej4/3core.png used on input line 244.
(pdftex.def)             Requested size: 455.24329pt x 82.8924pt.

Overfull \hbox (14.9992pt too wide) in paragraph at lines 244--245
[][] 
 []


Underfull \hbox (badness 10000) in paragraph at lines 244--245

 []

LaTeX Info: Redefining \. on input line 245.
LaTeX Info: Redefining \% on input line 245.
Package babel Info: Redefining spanish shorthand <<
(babel)             in language  on input line 245.
Package babel Info: Redefining spanish shorthand >>
(babel)             in language  on input line 245.
Package babel Info: Redefining spanish shorthand "=
(babel)             in language  on input line 245.
Package babel Info: Redefining spanish shorthand "~
(babel)             in language  on input line 245.
Package babel Info: Redefining spanish shorthand "!
(babel)             in language  on input line 245.
Package babel Info: Redefining spanish shorthand "?
(babel)             in language  on input line 245.
Package babel Info: Redefining spanish shorthand <<
(babel)             in language  on input line 245.
Package babel Info: Redefining spanish shorthand >>
(babel)             in language  on input line 245.
Package babel Info: Redefining spanish shorthand "=
(babel)             in language  on input line 245.
Package babel Info: Redefining spanish shorthand "~
(babel)             in language  on input line 245.
Package babel Info: Redefining spanish shorthand "!
(babel)             in language  on input line 245.
Package babel Info: Redefining spanish shorthand "?
(babel)             in language  on input line 245.
[6 <./imagenes/ej4/1core.png (PNG copy)> <./imagenes/ej4/2core.png (PNG copy)>]

Underfull \hbox (badness 10000) in paragraph at lines 253--254

 []


Underfull \hbox (badness 10000) in paragraph at lines 255--256

 []

LaTeX Info: Redefining \. on input line 276.
LaTeX Info: Redefining \% on input line 276.
Package babel Info: Redefining spanish shorthand <<
(babel)             in language  on input line 276.
Package babel Info: Redefining spanish shorthand >>
(babel)             in language  on input line 276.
Package babel Info: Redefining spanish shorthand "=
(babel)             in language  on input line 276.
Package babel Info: Redefining spanish shorthand "~
(babel)             in language  on input line 276.
Package babel Info: Redefining spanish shorthand "!
(babel)             in language  on input line 276.
Package babel Info: Redefining spanish shorthand "?
(babel)             in language  on input line 276.
Package babel Info: Redefining spanish shorthand <<
(babel)             in language  on input line 276.
Package babel Info: Redefining spanish shorthand >>
(babel)             in language  on input line 276.
Package babel Info: Redefining spanish shorthand "=
(babel)             in language  on input line 276.
Package babel Info: Redefining spanish shorthand "~
(babel)             in language  on input line 276.
Package babel Info: Redefining spanish shorthand "!
(babel)             in language  on input line 276.
Package babel Info: Redefining spanish shorthand "?
(babel)             in language  on input line 276.
[7 <./imagenes/ej4/3core.png (PNG copy)>]
Underfull \hbox (badness 10000) in paragraph at lines 279--280

 []


Underfull \hbox (badness 10000) in paragraph at lines 281--291

 []


Overfull \hbox (6.0pt too wide) in paragraph at lines 291--291
 [][][][][][] 
 []


Underfull \hbox (badness 10000) in paragraph at lines 294--295

 []

<imagenes/ej4/eje1.png, id=153, 1030.85126pt x 217.81375pt>
File: imagenes/ej4/eje1.png Graphic file (type png)

<use imagenes/ej4/eje1.png>
Package pdftex.def Info: imagenes/ej4/eje1.png used on input line 296.
(pdftex.def)             Requested size: 455.24329pt x 96.19063pt.

Overfull \hbox (14.9992pt too wide) in paragraph at lines 296--297
[][] 
 []


Underfull \hbox (badness 10000) in paragraph at lines 296--297

 []

<imagenes/ej4/eje2.png, id=154, 1030.85126pt x 217.81375pt>
File: imagenes/ej4/eje2.png Graphic file (type png)

<use imagenes/ej4/eje2.png>
Package pdftex.def Info: imagenes/ej4/eje2.png used on input line 301.
(pdftex.def)             Requested size: 455.24329pt x 96.19063pt.

Overfull \hbox (14.9992pt too wide) in paragraph at lines 301--302
[][] 
 []


Underfull \hbox (badness 10000) in paragraph at lines 301--302

 []

<imagenes/ej4/eje3.png, id=155, 1030.85126pt x 217.81375pt>
File: imagenes/ej4/eje3.png Graphic file (type png)

<use imagenes/ej4/eje3.png>
Package pdftex.def Info: imagenes/ej4/eje3.png used on input line 307.
(pdftex.def)             Requested size: 455.24329pt x 96.19063pt.

Overfull \hbox (14.9992pt too wide) in paragraph at lines 307--308
[][] 
 []


Underfull \hbox (badness 10000) in paragraph at lines 307--308

 []

LaTeX Info: Redefining \. on input line 312.
LaTeX Info: Redefining \% on input line 312.
Package babel Info: Redefining spanish shorthand <<
(babel)             in language  on input line 312.
Package babel Info: Redefining spanish shorthand >>
(babel)             in language  on input line 312.
Package babel Info: Redefining spanish shorthand "=
(babel)             in language  on input line 312.
Package babel Info: Redefining spanish shorthand "~
(babel)             in language  on input line 312.
Package babel Info: Redefining spanish shorthand "!
(babel)             in language  on input line 312.
Package babel Info: Redefining spanish shorthand "?
(babel)             in language  on input line 312.
Package babel Info: Redefining spanish shorthand <<
(babel)             in language  on input line 312.
Package babel Info: Redefining spanish shorthand >>
(babel)             in language  on input line 312.
Package babel Info: Redefining spanish shorthand "=
(babel)             in language  on input line 312.
Package babel Info: Redefining spanish shorthand "~
(babel)             in language  on input line 312.
Package babel Info: Redefining spanish shorthand "!
(babel)             in language  on input line 312.
Package babel Info: Redefining spanish shorthand "?
(babel)             in language  on input line 312.
[8 <./imagenes/ej4/eje1.png (PNG copy)> <./imagenes/ej4/eje2.png (PNG copy)> <.
/imagenes/ej4/eje3.png (PNG copy)>]
Underfull \hbox (badness 10000) in paragraph at lines 314--315

 []


Underfull \hbox (badness 10000) in paragraph at lines 318--319

 []


Underfull \hbox (badness 10000) in paragraph at lines 320--321

 []


Underfull \hbox (badness 10000) in paragraph at lines 322--323

 []


Underfull \hbox (badness 10000) in paragraph at lines 340--341

 []


Overfull \hbox (6.0pt too wide) in paragraph at lines 353--353
 [][][][][][] 
 []


Underfull \hbox (badness 10000) in paragraph at lines 356--357

 []

<imagenes/ej4/eje4.png, id=161, 1030.85126pt x 217.81375pt>
File: imagenes/ej4/eje4.png Graphic file (type png)

<use imagenes/ej4/eje4.png>
Package pdftex.def Info: imagenes/ej4/eje4.png used on input line 358.
(pdftex.def)             Requested size: 455.24329pt x 96.19063pt.

Overfull \hbox (14.9992pt too wide) in paragraph at lines 358--359
[][] 
 []


Underfull \hbox (badness 10000) in paragraph at lines 358--359

 []

LaTeX Info: Redefining \. on input line 363.
LaTeX Info: Redefining \% on input line 363.
Package babel Info: Redefining spanish shorthand <<
(babel)             in language  on input line 363.
Package babel Info: Redefining spanish shorthand >>
(babel)             in language  on input line 363.
Package babel Info: Redefining spanish shorthand "=
(babel)             in language  on input line 363.
Package babel Info: Redefining spanish shorthand "~
(babel)             in language  on input line 363.
Package babel Info: Redefining spanish shorthand "!
(babel)             in language  on input line 363.
Package babel Info: Redefining spanish shorthand "?
(babel)             in language  on input line 363.
Package babel Info: Redefining spanish shorthand <<
(babel)             in language  on input line 363.
Package babel Info: Redefining spanish shorthand >>
(babel)             in language  on input line 363.
Package babel Info: Redefining spanish shorthand "=
(babel)             in language  on input line 363.
Package babel Info: Redefining spanish shorthand "~
(babel)             in language  on input line 363.
Package babel Info: Redefining spanish shorthand "!
(babel)             in language  on input line 363.
Package babel Info: Redefining spanish shorthand "?
(babel)             in language  on input line 363.
[9 <./imagenes/ej4/eje4.png (PNG copy)>]
<imagenes/ej4/eje6.png, id=168, 1030.85126pt x 217.81375pt>
File: imagenes/ej4/eje6.png Graphic file (type png)

<use imagenes/ej4/eje6.png>
Package pdftex.def Info: imagenes/ej4/eje6.png used on input line 365.
(pdftex.def)             Requested size: 455.24329pt x 96.19063pt.

Overfull \hbox (14.9992pt too wide) in paragraph at lines 365--366
[][] 
 []


Underfull \hbox (badness 10000) in paragraph at lines 365--366

 []


Underfull \hbox (badness 10000) in paragraph at lines 372--373

 []


Underfull \hbox (badness 10000) in paragraph at lines 374--375

 []

LaTeX Info: Redefining \. on input line 382.
LaTeX Info: Redefining \% on input line 382.
Package babel Info: Redefining spanish shorthand <<
(babel)             in language  on input line 382.
Package babel Info: Redefining spanish shorthand >>
(babel)             in language  on input line 382.
Package babel Info: Redefining spanish shorthand "=
(babel)             in language  on input line 382.
Package babel Info: Redefining spanish shorthand "~
(babel)             in language  on input line 382.
Package babel Info: Redefining spanish shorthand "!
(babel)             in language  on input line 382.
Package babel Info: Redefining spanish shorthand "?
(babel)             in language  on input line 382.
Package babel Info: Redefining spanish shorthand <<
(babel)             in language  on input line 382.
Package babel Info: Redefining spanish shorthand >>
(babel)             in language  on input line 382.
Package babel Info: Redefining spanish shorthand "=
(babel)             in language  on input line 382.
Package babel Info: Redefining spanish shorthand "~
(babel)             in language  on input line 382.
Package babel Info: Redefining spanish shorthand "!
(babel)             in language  on input line 382.
Package babel Info: Redefining spanish shorthand "?
(babel)             in language  on input line 382.
[10 <./imagenes/ej4/eje6.png (PNG copy)>]
Package babel Info: Redefining spanish shorthand <<
(babel)             in language  on input line 384.
Package babel Info: Redefining spanish shorthand >>
(babel)             in language  on input line 384.
Package babel Info: Redefining spanish shorthand "=
(babel)             in language  on input line 384.
Package babel Info: Redefining spanish shorthand "~
(babel)             in language  on input line 384.
Package babel Info: Redefining spanish shorthand "!
(babel)             in language  on input line 384.
Package babel Info: Redefining spanish shorthand "?
(babel)             in language  on input line 384.
Package babel Info: Redefining spanish shorthand <<
(babel)             in language  on input line 389.
Package babel Info: Redefining spanish shorthand >>
(babel)             in language  on input line 389.
Package babel Info: Redefining spanish shorthand "=
(babel)             in language  on input line 389.
Package babel Info: Redefining spanish shorthand "~
(babel)             in language  on input line 389.
Package babel Info: Redefining spanish shorthand "!
(babel)             in language  on input line 389.
Package babel Info: Redefining spanish shorthand "?
(babel)             in language  on input line 389.

Underfull \hbox (badness 10000) in paragraph at lines 391--392

 []


Underfull \hbox (badness 10000) in paragraph at lines 393--394

 []

Package babel Info: Redefining spanish shorthand <<
(babel)             in language  on input line 398.
Package babel Info: Redefining spanish shorthand >>
(babel)             in language  on input line 398.
Package babel Info: Redefining spanish shorthand "=
(babel)             in language  on input line 398.
Package babel Info: Redefining spanish shorthand "~
(babel)             in language  on input line 398.
Package babel Info: Redefining spanish shorthand "!
(babel)             in language  on input line 398.
Package babel Info: Redefining spanish shorthand "?
(babel)             in language  on input line 398.

Underfull \hbox (badness 10000) in paragraph at lines 399--400

 []


Underfull \hbox (badness 10000) in paragraph at lines 401--402

 []


Underfull \hbox (badness 10000) in paragraph at lines 403--404

 []

LaTeX Font Info:    External font `cmex10' loaded for size
(Font)              <8> on input line 406.
LaTeX Font Info:    External font `cmex10' loaded for size
(Font)              <6> on input line 406.

Underfull \hbox (badness 10000) in paragraph at lines 405--407

 []

LaTeX Info: Redefining \. on input line 408.
LaTeX Info: Redefining \% on input line 408.
Package babel Info: Redefining spanish shorthand <<
(babel)             in language  on input line 408.
Package babel Info: Redefining spanish shorthand >>
(babel)             in language  on input line 408.
Package babel Info: Redefining spanish shorthand "=
(babel)             in language  on input line 408.
Package babel Info: Redefining spanish shorthand "~
(babel)             in language  on input line 408.
Package babel Info: Redefining spanish shorthand "!
(babel)             in language  on input line 408.
Package babel Info: Redefining spanish shorthand "?
(babel)             in language  on input line 408.
Package babel Info: Redefining spanish shorthand <<
(babel)             in language  on input line 408.
Package babel Info: Redefining spanish shorthand >>
(babel)             in language  on input line 408.
Package babel Info: Redefining spanish shorthand "=
(babel)             in language  on input line 408.
Package babel Info: Redefining spanish shorthand "~
(babel)             in language  on input line 408.
Package babel Info: Redefining spanish shorthand "!
(babel)             in language  on input line 408.
Package babel Info: Redefining spanish shorthand "?
(babel)             in language  on input line 408.
[11]
Package babel Info: Redefining spanish shorthand <<
(babel)             in language  on input line 409.
Package babel Info: Redefining spanish shorthand >>
(babel)             in language  on input line 409.
Package babel Info: Redefining spanish shorthand "=
(babel)             in language  on input line 409.
Package babel Info: Redefining spanish shorthand "~
(babel)             in language  on input line 409.
Package babel Info: Redefining spanish shorthand "!
(babel)             in language  on input line 409.
Package babel Info: Redefining spanish shorthand "?
(babel)             in language  on input line 409.

Underfull \hbox (badness 10000) in paragraph at lines 415--416

 []


Underfull \hbox (badness 10000) in paragraph at lines 417--418

 []


Underfull \hbox (badness 10000) in paragraph at lines 419--420

 []


Underfull \hbox (badness 10000) in paragraph at lines 421--422

 []

Package babel Info: Redefining spanish shorthand <<
(babel)             in language  on input line 426.
Package babel Info: Redefining spanish shorthand >>
(babel)             in language  on input line 426.
Package babel Info: Redefining spanish shorthand "=
(babel)             in language  on input line 426.
Package babel Info: Redefining spanish shorthand "~
(babel)             in language  on input line 426.
Package babel Info: Redefining spanish shorthand "!
(babel)             in language  on input line 426.
Package babel Info: Redefining spanish shorthand "?
(babel)             in language  on input line 426.

Underfull \hbox (badness 10000) in paragraph at lines 427--428

 []


Overfull \hbox (6.0pt too wide) in paragraph at lines 449--449
 [][][][][][] 
 []

LaTeX Info: Redefining \. on input line 456.
LaTeX Info: Redefining \% on input line 456.
Package babel Info: Redefining spanish shorthand <<
(babel)             in language  on input line 456.
Package babel Info: Redefining spanish shorthand >>
(babel)             in language  on input line 456.
Package babel Info: Redefining spanish shorthand "=
(babel)             in language  on input line 456.
Package babel Info: Redefining spanish shorthand "~
(babel)             in language  on input line 456.
Package babel Info: Redefining spanish shorthand "!
(babel)             in language  on input line 456.
Package babel Info: Redefining spanish shorthand "?
(babel)             in language  on input line 456.
Package babel Info: Redefining spanish shorthand <<
(babel)             in language  on input line 456.
Package babel Info: Redefining spanish shorthand >>
(babel)             in language  on input line 456.
Package babel Info: Redefining spanish shorthand "=
(babel)             in language  on input line 456.
Package babel Info: Redefining spanish shorthand "~
(babel)             in language  on input line 456.
Package babel Info: Redefining spanish shorthand "!
(babel)             in language  on input line 456.
Package babel Info: Redefining spanish shorthand "?
(babel)             in language  on input line 456.
[12]
Underfull \hbox (badness 10000) in paragraph at lines 471--472

 []


Overfull \hbox (6.0pt too wide) in paragraph at lines 494--494
 [][][][][][] 
 []

LaTeX Info: Redefining \. on input line 507.
LaTeX Info: Redefining \% on input line 507.
Package babel Info: Redefining spanish shorthand <<
(babel)             in language  on input line 507.
Package babel Info: Redefining spanish shorthand >>
(babel)             in language  on input line 507.
Package babel Info: Redefining spanish shorthand "=
(babel)             in language  on input line 507.
Package babel Info: Redefining spanish shorthand "~
(babel)             in language  on input line 507.
Package babel Info: Redefining spanish shorthand "!
(babel)             in language  on input line 507.
Package babel Info: Redefining spanish shorthand "?
(babel)             in language  on input line 507.
Package babel Info: Redefining spanish shorthand <<
(babel)             in language  on input line 507.
Package babel Info: Redefining spanish shorthand >>
(babel)             in language  on input line 507.
Package babel Info: Redefining spanish shorthand "=
(babel)             in language  on input line 507.
Package babel Info: Redefining spanish shorthand "~
(babel)             in language  on input line 507.
Package babel Info: Redefining spanish shorthand "!
(babel)             in language  on input line 507.
Package babel Info: Redefining spanish shorthand "?
(babel)             in language  on input line 507.
[13]
LaTeX Info: Redefining \. on input line 515.
LaTeX Info: Redefining \% on input line 515.
Package babel Info: Redefining spanish shorthand <<
(babel)             in language  on input line 515.
Package babel Info: Redefining spanish shorthand >>
(babel)             in language  on input line 515.
Package babel Info: Redefining spanish shorthand "=
(babel)             in language  on input line 515.
Package babel Info: Redefining spanish shorthand "~
(babel)             in language  on input line 515.
Package babel Info: Redefining spanish shorthand "!
(babel)             in language  on input line 515.
Package babel Info: Redefining spanish shorthand "?
(babel)             in language  on input line 515.
Package babel Info: Redefining spanish shorthand <<
(babel)             in language  on input line 515.
Package babel Info: Redefining spanish shorthand >>
(babel)             in language  on input line 515.
Package babel Info: Redefining spanish shorthand "=
(babel)             in language  on input line 515.
Package babel Info: Redefining spanish shorthand "~
(babel)             in language  on input line 515.
Package babel Info: Redefining spanish shorthand "!
(babel)             in language  on input line 515.
Package babel Info: Redefining spanish shorthand "?
(babel)             in language  on input line 515.
 [14]
Package babel Info: Redefining spanish shorthand <<
(babel)             in language  on input line 516.
Package babel Info: Redefining spanish shorthand >>
(babel)             in language  on input line 516.
Package babel Info: Redefining spanish shorthand "=
(babel)             in language  on input line 516.
Package babel Info: Redefining spanish shorthand "~
(babel)             in language  on input line 516.
Package babel Info: Redefining spanish shorthand "!
(babel)             in language  on input line 516.
Package babel Info: Redefining spanish shorthand "?
(babel)             in language  on input line 516.
Package babel Info: Redefining spanish shorthand <<
(babel)             in language  on input line 519.
Package babel Info: Redefining spanish shorthand >>
(babel)             in language  on input line 519.
Package babel Info: Redefining spanish shorthand "=
(babel)             in language  on input line 519.
Package babel Info: Redefining spanish shorthand "~
(babel)             in language  on input line 519.
Package babel Info: Redefining spanish shorthand "!
(babel)             in language  on input line 519.
Package babel Info: Redefining spanish shorthand "?
(babel)             in language  on input line 519.

Underfull \hbox (badness 10000) in paragraph at lines 520--521

 []

Package babel Info: Redefining spanish shorthand <<
(babel)             in language  on input line 527.
Package babel Info: Redefining spanish shorthand >>
(babel)             in language  on input line 527.
Package babel Info: Redefining spanish shorthand "=
(babel)             in language  on input line 527.
Package babel Info: Redefining spanish shorthand "~
(babel)             in language  on input line 527.
Package babel Info: Redefining spanish shorthand "!
(babel)             in language  on input line 527.
Package babel Info: Redefining spanish shorthand "?
(babel)             in language  on input line 527.

Underfull \hbox (badness 10000) in paragraph at lines 528--529

 []


Underfull \hbox (badness 10000) in paragraph at lines 532--533

 []


Underfull \hbox (badness 10000) in paragraph at lines 536--537

 []


Underfull \hbox (badness 10000) in paragraph at lines 538--539

 []


Overfull \hbox (6.0pt too wide) in paragraph at lines 557--557
 [][][][][][] 
 []

LaTeX Info: Redefining \. on input line 562.
LaTeX Info: Redefining \% on input line 562.
Package babel Info: Redefining spanish shorthand <<
(babel)             in language  on input line 562.
Package babel Info: Redefining spanish shorthand >>
(babel)             in language  on input line 562.
Package babel Info: Redefining spanish shorthand "=
(babel)             in language  on input line 562.
Package babel Info: Redefining spanish shorthand "~
(babel)             in language  on input line 562.
Package babel Info: Redefining spanish shorthand "!
(babel)             in language  on input line 562.
Package babel Info: Redefining spanish shorthand "?
(babel)             in language  on input line 562.
Package babel Info: Redefining spanish shorthand <<
(babel)             in language  on input line 562.
Package babel Info: Redefining spanish shorthand >>
(babel)             in language  on input line 562.
Package babel Info: Redefining spanish shorthand "=
(babel)             in language  on input line 562.
Package babel Info: Redefining spanish shorthand "~
(babel)             in language  on input line 562.
Package babel Info: Redefining spanish shorthand "!
(babel)             in language  on input line 562.
Package babel Info: Redefining spanish shorthand "?
(babel)             in language  on input line 562.
[15] <imagenes/ej7/1nucleoA.png, id=209, 1030.85126pt x 247.92625pt>
File: imagenes/ej7/1nucleoA.png Graphic file (type png)

<use imagenes/ej7/1nucleoA.png>
Package pdftex.def Info: imagenes/ej7/1nucleoA.png used on input line 573.
(pdftex.def)             Requested size: 515.42436pt x 123.96281pt.

Overfull \hbox (60.18028pt too wide) in paragraph at lines 573--574
 [] 
 []

<imagenes/ej7/1nucleoB.png, id=210, 1030.85126pt x 247.92625pt>
File: imagenes/ej7/1nucleoB.png Graphic file (type png)

<use imagenes/ej7/1nucleoB.png>
Package pdftex.def Info: imagenes/ej7/1nucleoB.png used on input line 585.
(pdftex.def)             Requested size: 515.42436pt x 123.96281pt.

Overfull \hbox (60.18028pt too wide) in paragraph at lines 585--586
 [] 
 []

<imagenes/ej7/1nucleoC.png, id=211, 1030.85126pt x 247.92625pt>
File: imagenes/ej7/1nucleoC.png Graphic file (type png)

<use imagenes/ej7/1nucleoC.png>
Package pdftex.def Info: imagenes/ej7/1nucleoC.png used on input line 596.
(pdftex.def)             Requested size: 515.42436pt x 123.96281pt.

Overfull \hbox (60.18028pt too wide) in paragraph at lines 596--597
 [] 
 []

LaTeX Info: Redefining \. on input line 603.
LaTeX Info: Redefining \% on input line 603.
Package babel Info: Redefining spanish shorthand <<
(babel)             in language  on input line 603.
Package babel Info: Redefining spanish shorthand >>
(babel)             in language  on input line 603.
Package babel Info: Redefining spanish shorthand "=
(babel)             in language  on input line 603.
Package babel Info: Redefining spanish shorthand "~
(babel)             in language  on input line 603.
Package babel Info: Redefining spanish shorthand "!
(babel)             in language  on input line 603.
Package babel Info: Redefining spanish shorthand "?
(babel)             in language  on input line 603.
Package babel Info: Redefining spanish shorthand <<
(babel)             in language  on input line 603.
Package babel Info: Redefining spanish shorthand >>
(babel)             in language  on input line 603.
Package babel Info: Redefining spanish shorthand "=
(babel)             in language  on input line 603.
Package babel Info: Redefining spanish shorthand "~
(babel)             in language  on input line 603.
Package babel Info: Redefining spanish shorthand "!
(babel)             in language  on input line 603.
Package babel Info: Redefining spanish shorthand "?
(babel)             in language  on input line 603.
[16 <./imagenes/ej7/1nucleoA.png (PNG copy)> <./imagenes/ej7/1nucleoB.png (PNG 
copy)> <./imagenes/ej7/1nucleoC.png (PNG copy)>]
<imagenes/ej7/2nucleoA.png, id=217, 1030.85126pt x 278.03876pt>
File: imagenes/ej7/2nucleoA.png Graphic file (type png)

<use imagenes/ej7/2nucleoA.png>
Package pdftex.def Info: imagenes/ej7/2nucleoA.png used on input line 610.
(pdftex.def)             Requested size: 515.42436pt x 139.01903pt.

Overfull \hbox (60.18028pt too wide) in paragraph at lines 610--611
 [] 
 []

<imagenes/ej7/2nucleoB.png, id=218, 1030.85126pt x 278.03876pt>
File: imagenes/ej7/2nucleoB.png Graphic file (type png)

<use imagenes/ej7/2nucleoB.png>
Package pdftex.def Info: imagenes/ej7/2nucleoB.png used on input line 621.
(pdftex.def)             Requested size: 515.42436pt x 139.01903pt.

Overfull \hbox (60.18028pt too wide) in paragraph at lines 621--622
 [] 
 []

<imagenes/ej7/2nucleoC.png, id=219, 1030.85126pt x 278.03876pt>
File: imagenes/ej7/2nucleoC.png Graphic file (type png)

<use imagenes/ej7/2nucleoC.png>
Package pdftex.def Info: imagenes/ej7/2nucleoC.png used on input line 632.
(pdftex.def)             Requested size: 515.42436pt x 139.01903pt.

Overfull \hbox (60.18028pt too wide) in paragraph at lines 632--633
 [] 
 []

LaTeX Info: Redefining \. on input line 639.
LaTeX Info: Redefining \% on input line 639.
Package babel Info: Redefining spanish shorthand <<
(babel)             in language  on input line 639.
Package babel Info: Redefining spanish shorthand >>
(babel)             in language  on input line 639.
Package babel Info: Redefining spanish shorthand "=
(babel)             in language  on input line 639.
Package babel Info: Redefining spanish shorthand "~
(babel)             in language  on input line 639.
Package babel Info: Redefining spanish shorthand "!
(babel)             in language  on input line 639.
Package babel Info: Redefining spanish shorthand "?
(babel)             in language  on input line 639.
Package babel Info: Redefining spanish shorthand <<
(babel)             in language  on input line 639.
Package babel Info: Redefining spanish shorthand >>
(babel)             in language  on input line 639.
Package babel Info: Redefining spanish shorthand "=
(babel)             in language  on input line 639.
Package babel Info: Redefining spanish shorthand "~
(babel)             in language  on input line 639.
Package babel Info: Redefining spanish shorthand "!
(babel)             in language  on input line 639.
Package babel Info: Redefining spanish shorthand "?
(babel)             in language  on input line 639.
[17 <./imagenes/ej7/2nucleoA.png (PNG copy)> <./imagenes/ej7/2nucleoB.png (PNG 
copy)> <./imagenes/ej7/2nucleoC.png (PNG copy)>]
<imagenes/ej7/3nucleoA.png, id=225, 1030.85126pt x 278.03876pt>
File: imagenes/ej7/3nucleoA.png Graphic file (type png)

<use imagenes/ej7/3nucleoA.png>
Package pdftex.def Info: imagenes/ej7/3nucleoA.png used on input line 646.
(pdftex.def)             Requested size: 515.42436pt x 139.01903pt.

Overfull \hbox (60.18028pt too wide) in paragraph at lines 646--647
 [] 
 []

<imagenes/ej7/3nucleoB.png, id=226, 1030.85126pt x 278.03876pt>
File: imagenes/ej7/3nucleoB.png Graphic file (type png)

<use imagenes/ej7/3nucleoB.png>
Package pdftex.def Info: imagenes/ej7/3nucleoB.png used on input line 657.
(pdftex.def)             Requested size: 515.42436pt x 139.01903pt.

Overfull \hbox (60.18028pt too wide) in paragraph at lines 657--658
 [] 
 []

<imagenes/ej7/3nucleoC.png, id=227, 1030.85126pt x 278.03876pt>
File: imagenes/ej7/3nucleoC.png Graphic file (type png)

<use imagenes/ej7/3nucleoC.png>
Package pdftex.def Info: imagenes/ej7/3nucleoC.png used on input line 668.
(pdftex.def)             Requested size: 515.42436pt x 139.01903pt.

Overfull \hbox (60.18028pt too wide) in paragraph at lines 668--669
 [] 
 []

LaTeX Info: Redefining \. on input line 675.
LaTeX Info: Redefining \% on input line 675.
Package babel Info: Redefining spanish shorthand <<
(babel)             in language  on input line 675.
Package babel Info: Redefining spanish shorthand >>
(babel)             in language  on input line 675.
Package babel Info: Redefining spanish shorthand "=
(babel)             in language  on input line 675.
Package babel Info: Redefining spanish shorthand "~
(babel)             in language  on input line 675.
Package babel Info: Redefining spanish shorthand "!
(babel)             in language  on input line 675.
Package babel Info: Redefining spanish shorthand "?
(babel)             in language  on input line 675.
Package babel Info: Redefining spanish shorthand <<
(babel)             in language  on input line 675.
Package babel Info: Redefining spanish shorthand >>
(babel)             in language  on input line 675.
Package babel Info: Redefining spanish shorthand "=
(babel)             in language  on input line 675.
Package babel Info: Redefining spanish shorthand "~
(babel)             in language  on input line 675.
Package babel Info: Redefining spanish shorthand "!
(babel)             in language  on input line 675.
Package babel Info: Redefining spanish shorthand "?
(babel)             in language  on input line 675.
[18 <./imagenes/ej7/3nucleoA.png (PNG copy)> <./imagenes/ej7/3nucleoB.png (PNG 
copy)> <./imagenes/ej7/3nucleoC.png (PNG copy)>]
<imagenes/ej7/4nucleoA.png, id=233, 1030.85126pt x 278.03876pt>
File: imagenes/ej7/4nucleoA.png Graphic file (type png)

<use imagenes/ej7/4nucleoA.png>
Package pdftex.def Info: imagenes/ej7/4nucleoA.png used on input line 682.
(pdftex.def)             Requested size: 515.42436pt x 139.01903pt.

Overfull \hbox (60.18028pt too wide) in paragraph at lines 682--683
 [] 
 []

<imagenes/ej7/4nucleoB.png, id=234, 1030.85126pt x 278.03876pt>
File: imagenes/ej7/4nucleoB.png Graphic file (type png)

<use imagenes/ej7/4nucleoB.png>
Package pdftex.def Info: imagenes/ej7/4nucleoB.png used on input line 693.
(pdftex.def)             Requested size: 515.42436pt x 139.01903pt.

Overfull \hbox (60.18028pt too wide) in paragraph at lines 693--694
 [] 
 []

<imagenes/ej7/4nucleoC.png, id=235, 1030.85126pt x 278.03876pt>
File: imagenes/ej7/4nucleoC.png Graphic file (type png)

<use imagenes/ej7/4nucleoC.png>
Package pdftex.def Info: imagenes/ej7/4nucleoC.png used on input line 704.
(pdftex.def)             Requested size: 515.42436pt x 139.01903pt.

Overfull \hbox (60.18028pt too wide) in paragraph at lines 704--705
 [] 
 []

LaTeX Info: Redefining \. on input line 711.
LaTeX Info: Redefining \% on input line 711.
Package babel Info: Redefining spanish shorthand <<
(babel)             in language  on input line 711.
Package babel Info: Redefining spanish shorthand >>
(babel)             in language  on input line 711.
Package babel Info: Redefining spanish shorthand "=
(babel)             in language  on input line 711.
Package babel Info: Redefining spanish shorthand "~
(babel)             in language  on input line 711.
Package babel Info: Redefining spanish shorthand "!
(babel)             in language  on input line 711.
Package babel Info: Redefining spanish shorthand "?
(babel)             in language  on input line 711.
Package babel Info: Redefining spanish shorthand <<
(babel)             in language  on input line 711.
Package babel Info: Redefining spanish shorthand >>
(babel)             in language  on input line 711.
Package babel Info: Redefining spanish shorthand "=
(babel)             in language  on input line 711.
Package babel Info: Redefining spanish shorthand "~
(babel)             in language  on input line 711.
Package babel Info: Redefining spanish shorthand "!
(babel)             in language  on input line 711.
Package babel Info: Redefining spanish shorthand "?
(babel)             in language  on input line 711.
[19 <./imagenes/ej7/4nucleoA.png (PNG copy)> <./imagenes/ej7/4nucleoB.png (PNG 
copy)> <./imagenes/ej7/4nucleoC.png (PNG copy)>]
<imagenes/ej7/6nucleoA.png, id=242, 1030.85126pt x 278.03876pt>
File: imagenes/ej7/6nucleoA.png Graphic file (type png)

<use imagenes/ej7/6nucleoA.png>
Package pdftex.def Info: imagenes/ej7/6nucleoA.png used on input line 718.
(pdftex.def)             Requested size: 515.42436pt x 139.01903pt.

Overfull \hbox (60.18028pt too wide) in paragraph at lines 718--719
 [] 
 []

<imagenes/ej7/6nucleoB.png, id=243, 1030.85126pt x 278.03876pt>
File: imagenes/ej7/6nucleoB.png Graphic file (type png)

<use imagenes/ej7/6nucleoB.png>
Package pdftex.def Info: imagenes/ej7/6nucleoB.png used on input line 729.
(pdftex.def)             Requested size: 515.42436pt x 139.01903pt.

Overfull \hbox (60.18028pt too wide) in paragraph at lines 729--730
 [] 
 []

<imagenes/ej7/6nucleoC.png, id=244, 1030.85126pt x 278.03876pt>
File: imagenes/ej7/6nucleoC.png Graphic file (type png)

<use imagenes/ej7/6nucleoC.png>
Package pdftex.def Info: imagenes/ej7/6nucleoC.png used on input line 740.
(pdftex.def)             Requested size: 515.42436pt x 139.01903pt.

Overfull \hbox (60.18028pt too wide) in paragraph at lines 740--741
 [] 
 []

LaTeX Info: Redefining \. on input line 747.
LaTeX Info: Redefining \% on input line 747.
Package babel Info: Redefining spanish shorthand <<
(babel)             in language  on input line 747.
Package babel Info: Redefining spanish shorthand >>
(babel)             in language  on input line 747.
Package babel Info: Redefining spanish shorthand "=
(babel)             in language  on input line 747.
Package babel Info: Redefining spanish shorthand "~
(babel)             in language  on input line 747.
Package babel Info: Redefining spanish shorthand "!
(babel)             in language  on input line 747.
Package babel Info: Redefining spanish shorthand "?
(babel)             in language  on input line 747.
Package babel Info: Redefining spanish shorthand <<
(babel)             in language  on input line 747.
Package babel Info: Redefining spanish shorthand >>
(babel)             in language  on input line 747.
Package babel Info: Redefining spanish shorthand "=
(babel)             in language  on input line 747.
Package babel Info: Redefining spanish shorthand "~
(babel)             in language  on input line 747.
Package babel Info: Redefining spanish shorthand "!
(babel)             in language  on input line 747.
Package babel Info: Redefining spanish shorthand "?
(babel)             in language  on input line 747.
[20 <./imagenes/ej7/6nucleoA.png (PNG copy)> <./imagenes/ej7/6nucleoB.png (PNG 
copy)> <./imagenes/ej7/6nucleoC.png (PNG copy)>]
<imagenes/ej7/TiemposResp.png, id=250, 424.9476pt x 142.8537pt>
File: imagenes/ej7/TiemposResp.png Graphic file (type png)

<use imagenes/ej7/TiemposResp.png>
Package pdftex.def Info: imagenes/ej7/TiemposResp.png used on input line 756.
(pdftex.def)             Requested size: 509.93456pt x 171.42355pt.

Overfull \hbox (54.69048pt too wide) in paragraph at lines 756--757
 [] 
 []


Underfull \hbox (badness 10000) in paragraph at lines 764--765

 []

LaTeX Info: Redefining \. on input line 768.
LaTeX Info: Redefining \% on input line 768.
Package babel Info: Redefining spanish shorthand <<
(babel)             in language  on input line 768.
Package babel Info: Redefining spanish shorthand >>
(babel)             in language  on input line 768.
Package babel Info: Redefining spanish shorthand "=
(babel)             in language  on input line 768.
Package babel Info: Redefining spanish shorthand "~
(babel)             in language  on input line 768.
Package babel Info: Redefining spanish shorthand "!
(babel)             in language  on input line 768.
Package babel Info: Redefining spanish shorthand "?
(babel)             in language  on input line 768.
Package babel Info: Redefining spanish shorthand <<
(babel)             in language  on input line 768.
Package babel Info: Redefining spanish shorthand >>
(babel)             in language  on input line 768.
Package babel Info: Redefining spanish shorthand "=
(babel)             in language  on input line 768.
Package babel Info: Redefining spanish shorthand "~
(babel)             in language  on input line 768.
Package babel Info: Redefining spanish shorthand "!
(babel)             in language  on input line 768.
Package babel Info: Redefining spanish shorthand "?
(babel)             in language  on input line 768.
[21 <./imagenes/ej7/TiemposResp.png>]
<imagenes/ej7/TiemposTournAround.png, id=258, 424.9476pt x 142.8537pt>
File: imagenes/ej7/TiemposTournAround.png Graphic file (type png)

<use imagenes/ej7/TiemposTournAround.png>
Package pdftex.def Info: imagenes/ej7/TiemposTournAround.png used on input line
 775.
(pdftex.def)             Requested size: 509.93456pt x 171.42355pt.

Overfull \hbox (54.69048pt too wide) in paragraph at lines 775--776
 [] 
 []


Underfull \hbox (badness 10000) in paragraph at lines 779--780

 []

LaTeX Info: Redefining \. on input line 788.
LaTeX Info: Redefining \% on input line 788.
Package babel Info: Redefining spanish shorthand <<
(babel)             in language  on input line 788.
Package babel Info: Redefining spanish shorthand >>
(babel)             in language  on input line 788.
Package babel Info: Redefining spanish shorthand "=
(babel)             in language  on input line 788.
Package babel Info: Redefining spanish shorthand "~
(babel)             in language  on input line 788.
Package babel Info: Redefining spanish shorthand "!
(babel)             in language  on input line 788.
Package babel Info: Redefining spanish shorthand "?
(babel)             in language  on input line 788.
Package babel Info: Redefining spanish shorthand <<
(babel)             in language  on input line 788.
Package babel Info: Redefining spanish shorthand >>
(babel)             in language  on input line 788.
Package babel Info: Redefining spanish shorthand "=
(babel)             in language  on input line 788.
Package babel Info: Redefining spanish shorthand "~
(babel)             in language  on input line 788.
Package babel Info: Redefining spanish shorthand "!
(babel)             in language  on input line 788.
Package babel Info: Redefining spanish shorthand "?
(babel)             in language  on input line 788.
[22 <./imagenes/ej7/TiemposTournAround.png>]
Package babel Info: Redefining spanish shorthand <<
(babel)             in language  on input line 789.
Package babel Info: Redefining spanish shorthand >>
(babel)             in language  on input line 789.
Package babel Info: Redefining spanish shorthand "=
(babel)             in language  on input line 789.
Package babel Info: Redefining spanish shorthand "~
(babel)             in language  on input line 789.
Package babel Info: Redefining spanish shorthand "!
(babel)             in language  on input line 789.
Package babel Info: Redefining spanish shorthand "?
(babel)             in language  on input line 789.

Underfull \hbox (badness 10000) in paragraph at lines 792--793

 []


Overfull \hbox (6.0pt too wide) in paragraph at lines 807--807
 [][][][][][] 
 []

LaTeX Info: Redefining \. on input line 841.
LaTeX Info: Redefining \% on input line 841.
Package babel Info: Redefining spanish shorthand <<
(babel)             in language  on input line 841.
Package babel Info: Redefining spanish shorthand >>
(babel)             in language  on input line 841.
Package babel Info: Redefining spanish shorthand "=
(babel)             in language  on input line 841.
Package babel Info: Redefining spanish shorthand "~
(babel)             in language  on input line 841.
Package babel Info: Redefining spanish shorthand "!
(babel)             in language  on input line 841.
Package babel Info: Redefining spanish shorthand "?
(babel)             in language  on input line 841.
Package babel Info: Redefining spanish shorthand <<
(babel)             in language  on input line 841.
Package babel Info: Redefining spanish shorthand >>
(babel)             in language  on input line 841.
Package babel Info: Redefining spanish shorthand "=
(babel)             in language  on input line 841.
Package babel Info: Redefining spanish shorthand "~
(babel)             in language  on input line 841.
Package babel Info: Redefining spanish shorthand "!
(babel)             in language  on input line 841.
Package babel Info: Redefining spanish shorthand "?
(babel)             in language  on input line 841.
[23]
Package babel Info: Redefining spanish shorthand <<
(babel)             in language  on input line 857.
Package babel Info: Redefining spanish shorthand >>
(babel)             in language  on input line 857.
Package babel Info: Redefining spanish shorthand "=
(babel)             in language  on input line 857.
Package babel Info: Redefining spanish shorthand "~
(babel)             in language  on input line 857.
Package babel Info: Redefining spanish shorthand "!
(babel)             in language  on input line 857.
Package babel Info: Redefining spanish shorthand "?
(babel)             in language  on input line 857.

Underfull \hbox (badness 10000) in paragraph at lines 859--860

 []


Underfull \hbox (badness 10000) in paragraph at lines 862--863

 []

LaTeX Info: Redefining \. on input line 864.
LaTeX Info: Redefining \% on input line 864.
Package babel Info: Redefining spanish shorthand <<
(babel)             in language  on input line 864.
Package babel Info: Redefining spanish shorthand >>
(babel)             in language  on input line 864.
Package babel Info: Redefining spanish shorthand "=
(babel)             in language  on input line 864.
Package babel Info: Redefining spanish shorthand "~
(babel)             in language  on input line 864.
Package babel Info: Redefining spanish shorthand "!
(babel)             in language  on input line 864.
Package babel Info: Redefining spanish shorthand "?
(babel)             in language  on input line 864.
Package babel Info: Redefining spanish shorthand <<
(babel)             in language  on input line 864.
Package babel Info: Redefining spanish shorthand >>
(babel)             in language  on input line 864.
Package babel Info: Redefining spanish shorthand "=
(babel)             in language  on input line 864.
Package babel Info: Redefining spanish shorthand "~
(babel)             in language  on input line 864.
Package babel Info: Redefining spanish shorthand "!
(babel)             in language  on input line 864.
Package babel Info: Redefining spanish shorthand "?
(babel)             in language  on input line 864.
[24] <imagenes/ej8/tr.png, id=279, 455.45157pt x 255.95625pt>
File: imagenes/ej8/tr.png Graphic file (type png)

<use imagenes/ej8/tr.png>
Package pdftex.def Info: imagenes/ej8/tr.png used on input line 870.
(pdftex.def)             Requested size: 385.79439pt x 216.81004pt.

Underfull \hbox (badness 10000) in paragraph at lines 870--871

 []

<imagenes/ej8/trds.png, id=280, 455.45157pt x 256.70906pt>
File: imagenes/ej8/trds.png Graphic file (type png)

<use imagenes/ej8/trds.png>
Package pdftex.def Info: imagenes/ej8/trds.png used on input line 878.
(pdftex.def)             Requested size: 384.66855pt x 216.81316pt.

Underfull \hbox (badness 10000) in paragraph at lines 878--879

 []

<imagenes/ej8/ta.png, id=281, 455.45157pt x 255.95625pt>
File: imagenes/ej8/ta.png Graphic file (type png)

<use imagenes/ej8/ta.png>
Package pdftex.def Info: imagenes/ej8/ta.png used on input line 890.
(pdftex.def)             Requested size: 385.79439pt x 216.81004pt.

Underfull \hbox (badness 10000) in paragraph at lines 890--891

 []

LaTeX Info: Redefining \. on input line 891.
LaTeX Info: Redefining \% on input line 891.
Package babel Info: Redefining spanish shorthand <<
(babel)             in language  on input line 891.
Package babel Info: Redefining spanish shorthand >>
(babel)             in language  on input line 891.
Package babel Info: Redefining spanish shorthand "=
(babel)             in language  on input line 891.
Package babel Info: Redefining spanish shorthand "~
(babel)             in language  on input line 891.
Package babel Info: Redefining spanish shorthand "!
(babel)             in language  on input line 891.
Package babel Info: Redefining spanish shorthand "?
(babel)             in language  on input line 891.
Package babel Info: Redefining spanish shorthand <<
(babel)             in language  on input line 891.
Package babel Info: Redefining spanish shorthand >>
(babel)             in language  on input line 891.
Package babel Info: Redefining spanish shorthand "=
(babel)             in language  on input line 891.
Package babel Info: Redefining spanish shorthand "~
(babel)             in language  on input line 891.
Package babel Info: Redefining spanish shorthand "!
(babel)             in language  on input line 891.
Package babel Info: Redefining spanish shorthand "?
(babel)             in language  on input line 891.
[25 <./imagenes/ej8/tr.png (PNG copy)> <./imagenes/ej8/trds.png (PNG copy)>]
<imagenes/ej8/tads.png, id=288, 455.45157pt x 255.95625pt>
File: imagenes/ej8/tads.png Graphic file (type png)

<use imagenes/ej8/tads.png>
Package pdftex.def Info: imagenes/ej8/tads.png used on input line 898.
(pdftex.def)             Requested size: 385.79439pt x 216.81004pt.

Underfull \hbox (badness 10000) in paragraph at lines 898--899

 []


Underfull \hbox (badness 10000) in paragraph at lines 905--906

 []


Overfull \hbox (6.0pt too wide) in paragraph at lines 920--920
 [][][][][][] 
 []

LaTeX Info: Redefining \. on input line 920.
LaTeX Info: Redefining \% on input line 920.
Package babel Info: Redefining spanish shorthand <<
(babel)             in language  on input line 920.
Package babel Info: Redefining spanish shorthand >>
(babel)             in language  on input line 920.
Package babel Info: Redefining spanish shorthand "=
(babel)             in language  on input line 920.
Package babel Info: Redefining spanish shorthand "~
(babel)             in language  on input line 920.
Package babel Info: Redefining spanish shorthand "!
(babel)             in language  on input line 920.
Package babel Info: Redefining spanish shorthand "?
(babel)             in language  on input line 920.
Package babel Info: Redefining spanish shorthand <<
(babel)             in language  on input line 920.
Package babel Info: Redefining spanish shorthand >>
(babel)             in language  on input line 920.
Package babel Info: Redefining spanish shorthand "=
(babel)             in language  on input line 920.
Package babel Info: Redefining spanish shorthand "~
(babel)             in language  on input line 920.
Package babel Info: Redefining spanish shorthand "!
(babel)             in language  on input line 920.
Package babel Info: Redefining spanish shorthand "?
(babel)             in language  on input line 920.
[26 <./imagenes/ej8/ta.png (PNG copy)> <./imagenes/ej8/tads.png (PNG copy)>]
Underfull \hbox (badness 10000) in paragraph at lines 922--923

 []

<imagenes/ej8/2eje4.png, id=295, 1030.85126pt x 217.81375pt>
File: imagenes/ej8/2eje4.png Graphic file (type png)

<use imagenes/ej8/2eje4.png>
Package pdftex.def Info: imagenes/ej8/2eje4.png used on input line 925.
(pdftex.def)             Requested size: 455.24329pt x 96.19063pt.

Overfull \hbox (14.9992pt too wide) in paragraph at lines 925--926
[][] 
 []


Underfull \hbox (badness 10000) in paragraph at lines 925--926

 []

<imagenes/ej8/2eje6.png, id=296, 1030.85126pt x 217.81375pt>
File: imagenes/ej8/2eje6.png Graphic file (type png)

<use imagenes/ej8/2eje6.png>
Package pdftex.def Info: imagenes/ej8/2eje6.png used on input line 932.
(pdftex.def)             Requested size: 455.24329pt x 96.19063pt.

Overfull \hbox (14.9992pt too wide) in paragraph at lines 932--933
[][] 
 []


Underfull \hbox (badness 10000) in paragraph at lines 932--933

 []


Underfull \hbox (badness 10000) in paragraph at lines 938--939

 []

LaTeX Info: Redefining \. on input line 942.
LaTeX Info: Redefining \% on input line 942.
Package babel Info: Redefining spanish shorthand <<
(babel)             in language  on input line 942.
Package babel Info: Redefining spanish shorthand >>
(babel)             in language  on input line 942.
Package babel Info: Redefining spanish shorthand "=
(babel)             in language  on input line 942.
Package babel Info: Redefining spanish shorthand "~
(babel)             in language  on input line 942.
Package babel Info: Redefining spanish shorthand "!
(babel)             in language  on input line 942.
Package babel Info: Redefining spanish shorthand "?
(babel)             in language  on input line 942.
Package babel Info: Redefining spanish shorthand <<
(babel)             in language  on input line 942.
Package babel Info: Redefining spanish shorthand >>
(babel)             in language  on input line 942.
Package babel Info: Redefining spanish shorthand "=
(babel)             in language  on input line 942.
Package babel Info: Redefining spanish shorthand "~
(babel)             in language  on input line 942.
Package babel Info: Redefining spanish shorthand "!
(babel)             in language  on input line 942.
Package babel Info: Redefining spanish shorthand "?
(babel)             in language  on input line 942.
[27 <./imagenes/ej8/2eje4.png (PNG copy)> <./imagenes/ej8/2eje6.png (PNG copy)>
]
Package babel Info: Redefining spanish shorthand <<
(babel)             in language  on input line 943.
Package babel Info: Redefining spanish shorthand >>
(babel)             in language  on input line 943.
Package babel Info: Redefining spanish shorthand "=
(babel)             in language  on input line 943.
Package babel Info: Redefining spanish shorthand "~
(babel)             in language  on input line 943.
Package babel Info: Redefining spanish shorthand "!
(babel)             in language  on input line 943.
Package babel Info: Redefining spanish shorthand "?
(babel)             in language  on input line 943.

Underfull \hbox (badness 10000) in paragraph at lines 944--945

 []


Overfull \hbox (6.0pt too wide) in paragraph at lines 954--954
 [][][][][][] 
 []


Underfull \hbox (badness 10000) in paragraph at lines 956--957

 []

<imagenes/ej9/fixed.png, id=301, 1030.85126pt x 187.70125pt>
File: imagenes/ej9/fixed.png Graphic file (type png)

<use imagenes/ej9/fixed.png>
Package pdftex.def Info: imagenes/ej9/fixed.png used on input line 962.
(pdftex.def)             Requested size: 455.24329pt x 82.8924pt.

Overfull \hbox (14.9992pt too wide) in paragraph at lines 962--965
[][]
 []

<imagenes/ej9/dynamic.png, id=302, 1030.85126pt x 187.70125pt>
File: imagenes/ej9/dynamic.png Graphic file (type png)

<use imagenes/ej9/dynamic.png>
Package pdftex.def Info: imagenes/ej9/dynamic.png used on input line 966.
(pdftex.def)             Requested size: 455.24329pt x 82.8924pt.

Overfull \hbox (14.9992pt too wide) in paragraph at lines 966--967
[][] 
 []


Underfull \hbox (badness 10000) in paragraph at lines 970--971

 []


Underfull \hbox (badness 10000) in paragraph at lines 972--973

 []

LaTeX Info: Redefining \. on input line 980.
LaTeX Info: Redefining \% on input line 980.
Package babel Info: Redefining spanish shorthand <<
(babel)             in language  on input line 980.
Package babel Info: Redefining spanish shorthand >>
(babel)             in language  on input line 980.
Package babel Info: Redefining spanish shorthand "=
(babel)             in language  on input line 980.
Package babel Info: Redefining spanish shorthand "~
(babel)             in language  on input line 980.
Package babel Info: Redefining spanish shorthand "!
(babel)             in language  on input line 980.
Package babel Info: Redefining spanish shorthand "?
(babel)             in language  on input line 980.
Package babel Info: Redefining spanish shorthand <<
(babel)             in language  on input line 980.
Package babel Info: Redefining spanish shorthand >>
(babel)             in language  on input line 980.
Package babel Info: Redefining spanish shorthand "=
(babel)             in language  on input line 980.
Package babel Info: Redefining spanish shorthand "~
(babel)             in language  on input line 980.
Package babel Info: Redefining spanish shorthand "!
(babel)             in language  on input line 980.
Package babel Info: Redefining spanish shorthand "?
(babel)             in language  on input line 980.
[28 <./imagenes/ej9/fixed.png (PNG copy)> <./imagenes/ej9/dynamic.png (PNG copy
)>]
Package babel Info: Redefining spanish shorthand <<
(babel)             in language  on input line 981.
Package babel Info: Redefining spanish shorthand >>
(babel)             in language  on input line 981.
Package babel Info: Redefining spanish shorthand "=
(babel)             in language  on input line 981.
Package babel Info: Redefining spanish shorthand "~
(babel)             in language  on input line 981.
Package babel Info: Redefining spanish shorthand "!
(babel)             in language  on input line 981.
Package babel Info: Redefining spanish shorthand "?
(babel)             in language  on input line 981.

Underfull \hbox (badness 10000) in paragraph at lines 985--986

 []


Underfull \hbox (badness 10000) in paragraph at lines 989--990

 []


Underfull \hbox (badness 10000) in paragraph at lines 991--992

 []

Package atveryend Info: Empty hook `BeforeClearDocument' on input line 997.
LaTeX Info: Redefining \. on input line 997.
LaTeX Info: Redefining \% on input line 997.
Package babel Info: Redefining spanish shorthand <<
(babel)             in language  on input line 997.
Package babel Info: Redefining spanish shorthand >>
(babel)             in language  on input line 997.
Package babel Info: Redefining spanish shorthand "=
(babel)             in language  on input line 997.
Package babel Info: Redefining spanish shorthand "~
(babel)             in language  on input line 997.
Package babel Info: Redefining spanish shorthand "!
(babel)             in language  on input line 997.
Package babel Info: Redefining spanish shorthand "?
(babel)             in language  on input line 997.
Package babel Info: Redefining spanish shorthand <<
(babel)             in language  on input line 997.
Package babel Info: Redefining spanish shorthand >>
(babel)             in language  on input line 997.
Package babel Info: Redefining spanish shorthand "=
(babel)             in language  on input line 997.
Package babel Info: Redefining spanish shorthand "~
(babel)             in language  on input line 997.
Package babel Info: Redefining spanish shorthand "!
(babel)             in language  on input line 997.
Package babel Info: Redefining spanish shorthand "?
(babel)             in language  on input line 997.
[29]
Package atveryend Info: Empty hook `AfterLastShipout' on input line 997.
 (./informe.aux
LaTeX Info: Redefining \. on input line 24.
LaTeX Info: Redefining \% on input line 24.
)
Package atveryend Info: Executing hook `AtVeryEndDocument' on input line 997.
Package atveryend Info: Executing hook `AtEndAfterFileList' on input line 997.
Package rerunfilecheck Info: File `informe.out' has not changed.
(rerunfilecheck)             Checksum: 0CF1BF65F32C840B092EA8DE67B8ED55;1582.


LaTeX Font Warning: Some font shapes were not available, defaults substituted.

Package atveryend Info: Empty hook `AtVeryVeryEnd' on input line 997.
 ) 
Here is how much of TeX's memory you used:
 6864 strings out of 494925
 99602 string characters out of 6178544
 187309 words of memory out of 5000000
 9865 multiletter control sequences out of 15000+600000
 28882 words of font info for 49 fonts, out of 8000000 for 9000
 62 hyphenation exceptions out of 8191
 31i,13n,43p,729b,475s stack positions out of 5000i,500n,10000p,200000b,80000s
{/usr/share/texlive/texmf-dist/fonts/enc/dvips/base/8r.enc}</usr/share/texliv
e/texmf-dist/fonts/type1/bitstrea/charter/bchb8a.pfb></usr/share/texlive/texmf-
dist/fonts/type1/bitstrea/charter/bchr8a.pfb></usr/share/texlive/texmf-dist/fon
ts/type1/bitstrea/charter/bchri8a.pfb></usr/share/texlive/texmf-dist/fonts/type
1/public/amsfonts/cm/cmmi10.pfb></usr/share/texlive/texmf-dist/fonts/type1/publ
ic/amsfonts/cm/cmmi7.pfb></usr/share/texlive/texmf-dist/fonts/type1/public/amsf
onts/cm/cmr10.pfb></usr/share/texlive/texmf-dist/fonts/type1/public/amsfonts/cm
/cmr7.pfb></usr/share/texlive/texmf-dist/fonts/type1/public/amsfonts/cm/cmss10.
pfb></usr/share/texlive/texmf-dist/fonts/type1/public/amsfonts/cm/cmsy10.pfb></
usr/share/texlive/texmf-dist/fonts/type1/public/amsfonts/cm/cmtt10.pfb></usr/sh
are/texlive/texmf-dist/fonts/type1/public/amsfonts/cm/cmtt9.pfb>
Output written on informe.pdf (29 pages, 1016274 bytes).
PDF statistics:
 369 PDF objects out of 1000 (max. 8388607)
 284 compressed objects within 3 object streams
 84 named destinations out of 1000 (max. 500000)
 335 words of extra memory for PDF output out of 10000 (max. 10000000)

